{
  "stats": {
    "suites": 2,
    "tests": 2,
    "passes": 2,
    "pending": 0,
    "failures": 0,
    "start": "2021-07-14T00:28:46.912Z",
    "end": "2021-07-14T00:28:49.059Z",
    "duration": 2147,
    "testsRegistered": 2,
    "passPercent": 100,
    "pendingPercent": 0,
    "other": 0,
    "hasOther": false,
    "skipped": 0,
    "hasSkipped": false
  },
  "results": [
    {
      "uuid": "e209590e-2935-4a59-91b2-dffe8fcaa9c5",
      "title": "",
      "fullFile": "",
      "file": "",
      "beforeHooks": [],
      "afterHooks": [],
      "tests": [],
      "suites": [
        {
          "uuid": "dbf2c885-74e8-48da-93df-f47d40ce39de",
          "title": "Get Data Request",
          "fullFile": "/Users/tio/gitlab/bukalapak-assignment/BL-API/api/test/postDataTest.js",
          "file": "/api/test/postDataTest.js",
          "beforeHooks": [
            {
              "title": "\"before all\" hook in \"Get Data Request\"",
              "fullTitle": "Get Data Request \"before all\" hook in \"Get Data Request\"",
              "timedOut": false,
              "duration": 1218,
              "state": null,
              "speed": null,
              "pass": false,
              "fail": false,
              "pending": false,
              "context": null,
              "code": "try {\n  this.data = await getData();\n  // console.log(\"masuk jugaaa\",this.data);\n} catch (err) {\n  console.error(err);\n}",
              "err": {},
              "uuid": "37a8a728-1b72-41e2-b92a-810dad6763be",
              "parentUUID": "dbf2c885-74e8-48da-93df-f47d40ce39de",
              "isHook": true,
              "skipped": false
            }
          ],
          "afterHooks": [],
          "tests": [
            {
              "title": "Schema is valid",
              "fullTitle": "Get Data Request Schema is valid",
              "timedOut": false,
              "duration": 5,
              "state": "passed",
              "speed": "fast",
              "pass": true,
              "fail": false,
              "pending": false,
              "context": null,
              "code": "expect(tv4.validate(this.data, dataSchema)).to.be.true;\ndelay;",
              "err": {},
              "uuid": "6422308f-c683-4f66-9605-19b4299b5793",
              "parentUUID": "dbf2c885-74e8-48da-93df-f47d40ce39de",
              "isHook": false,
              "skipped": false
            }
          ],
          "suites": [],
          "passes": [
            "6422308f-c683-4f66-9605-19b4299b5793"
          ],
          "failures": [],
          "pending": [],
          "skipped": [],
          "duration": 5,
          "root": false,
          "rootEmpty": false,
          "_timeout": 2000
        },
        {
          "uuid": "551a8bbf-eb1d-4932-8267-936dbbfc683c",
          "title": "Post Data Request",
          "fullFile": "/Users/tio/gitlab/bukalapak-assignment/BL-API/api/test/postDataTest.js",
          "file": "/api/test/postDataTest.js",
          "beforeHooks": [
            {
              "title": "\"before all\" hook in \"Post Data Request\"",
              "fullTitle": "Post Data Request \"before all\" hook in \"Post Data Request\"",
              "timedOut": false,
              "duration": 900,
              "state": null,
              "speed": null,
              "pass": false,
              "fail": false,
              "pending": false,
              "context": null,
              "code": "try {\n  this.data = await postData();\n  // console.log(\"masuk jugaaa\",this.data);\n} catch (err) {\n  console.error(err);\n}",
              "err": {},
              "uuid": "e62afd9a-8e71-4086-bf70-424927d3fc08",
              "parentUUID": "551a8bbf-eb1d-4932-8267-936dbbfc683c",
              "isHook": true,
              "skipped": false
            }
          ],
          "afterHooks": [],
          "tests": [
            {
              "title": "Compare Data with Request Data",
              "fullTitle": "Post Data Request Compare Data with Request Data",
              "timedOut": false,
              "duration": 7,
              "state": "passed",
              "speed": "fast",
              "pass": true,
              "fail": false,
              "pending": false,
              "context": null,
              "code": "// expect(tv4.validate(this.data, dataSchema)).to.be.true;\nconsole.log(\"request data\", reqBody)\nconsole.log(\"response data\", this.data.reqBody)\nexpect(tv4.validate(this.data.reqBody, reqBody)).to.be.true;\nexpect(tv4.validate(this.data.reqBody.title, reqBody.title)).to.be.true;\nexpect(tv4.validate(this.data.reqBody.body, reqBody.body)).to.be.true;\nexpect(tv4.validate(this.data.reqBody.userId, reqBody.userId)).to.be.true;\n// delay;",
              "err": {},
              "uuid": "d6b84714-a2bf-4c12-ab67-0739685398ff",
              "parentUUID": "551a8bbf-eb1d-4932-8267-936dbbfc683c",
              "isHook": false,
              "skipped": false
            }
          ],
          "suites": [],
          "passes": [
            "d6b84714-a2bf-4c12-ab67-0739685398ff"
          ],
          "failures": [],
          "pending": [],
          "skipped": [],
          "duration": 7,
          "root": false,
          "rootEmpty": false,
          "_timeout": 2000
        }
      ],
      "passes": [],
      "failures": [],
      "pending": [],
      "skipped": [],
      "duration": 0,
      "root": true,
      "rootEmpty": true,
      "_timeout": 2000
    }
  ],
  "meta": {
    "mocha": {
      "version": "9.0.2"
    },
    "mochawesome": {
      "options": {
        "quiet": false,
        "reportFilename": "mochaReport-14-07-2021-07:28:46",
        "saveHtml": true,
        "saveJson": true,
        "consoleReporter": "spec",
        "useInlineDiffs": false,
        "code": true
      },
      "version": "6.2.2"
    },
    "marge": {
      "options": {
        "reportDir": "reports/mochawesome/",
        "reportFilename": "mochaReport-14-07-2021-07:28:46",
        "reportName": "OttoTest",
        "reportTitle": "BL-Test",
        "inlineAssets": "true",
        "charts": "true"
      },
      "version": "5.2.0"
    }
  }
}