{
  "stats": {
    "suites": 2,
    "tests": 2,
    "passes": 2,
    "pending": 0,
    "failures": 0,
    "start": "2021-07-14T00:28:04.195Z",
    "end": "2021-07-14T00:28:06.044Z",
    "duration": 1849,
    "testsRegistered": 2,
    "passPercent": 100,
    "pendingPercent": 0,
    "other": 0,
    "hasOther": false,
    "skipped": 0,
    "hasSkipped": false
  },
  "results": [
    {
      "uuid": "8e314766-ae90-44ee-a9cd-f4af25d31af5",
      "title": "",
      "fullFile": "",
      "file": "",
      "beforeHooks": [],
      "afterHooks": [],
      "tests": [],
      "suites": [
        {
          "uuid": "08a4b055-10ae-4880-a7a5-eef538326532",
          "title": "Get Data Request",
          "fullFile": "/Users/tio/gitlab/bukalapak-assignment/BL-API/api/test/postDataTest.js",
          "file": "/api/test/postDataTest.js",
          "beforeHooks": [
            {
              "title": "\"before all\" hook in \"Get Data Request\"",
              "fullTitle": "Get Data Request \"before all\" hook in \"Get Data Request\"",
              "timedOut": false,
              "duration": 862,
              "state": null,
              "speed": null,
              "pass": false,
              "fail": false,
              "pending": false,
              "context": null,
              "code": "try {\n  this.data = await getData();\n  // console.log(\"masuk jugaaa\",this.data);\n} catch (err) {\n  console.error(err);\n}",
              "err": {},
              "uuid": "f0956d09-dd11-47a5-aa6c-f68aa89f5ae7",
              "parentUUID": "08a4b055-10ae-4880-a7a5-eef538326532",
              "isHook": true,
              "skipped": false
            }
          ],
          "afterHooks": [],
          "tests": [
            {
              "title": "Schema is valid",
              "fullTitle": "Get Data Request Schema is valid",
              "timedOut": false,
              "duration": 5,
              "state": "passed",
              "speed": "fast",
              "pass": true,
              "fail": false,
              "pending": false,
              "context": null,
              "code": "expect(tv4.validate(this.data, dataSchema)).to.be.true;\ndelay;",
              "err": {},
              "uuid": "3d8e5685-f9da-4521-b594-05251ed07e1f",
              "parentUUID": "08a4b055-10ae-4880-a7a5-eef538326532",
              "isHook": false,
              "skipped": false
            }
          ],
          "suites": [],
          "passes": [
            "3d8e5685-f9da-4521-b594-05251ed07e1f"
          ],
          "failures": [],
          "pending": [],
          "skipped": [],
          "duration": 5,
          "root": false,
          "rootEmpty": false,
          "_timeout": 2000
        },
        {
          "uuid": "e715de7e-cade-46eb-950d-6ce2f81f8129",
          "title": "Post Data Request",
          "fullFile": "/Users/tio/gitlab/bukalapak-assignment/BL-API/api/test/postDataTest.js",
          "file": "/api/test/postDataTest.js",
          "beforeHooks": [
            {
              "title": "\"before all\" hook in \"Post Data Request\"",
              "fullTitle": "Post Data Request \"before all\" hook in \"Post Data Request\"",
              "timedOut": false,
              "duration": 956,
              "state": null,
              "speed": null,
              "pass": false,
              "fail": false,
              "pending": false,
              "context": null,
              "code": "try {\n  this.data = await postData();\n  // console.log(\"masuk jugaaa\",this.data);\n} catch (err) {\n  console.error(err);\n}",
              "err": {},
              "uuid": "d1116d92-431c-4c35-8461-595932bd095f",
              "parentUUID": "e715de7e-cade-46eb-950d-6ce2f81f8129",
              "isHook": true,
              "skipped": false
            }
          ],
          "afterHooks": [],
          "tests": [
            {
              "title": "Compare Data with Request Data",
              "fullTitle": "Post Data Request Compare Data with Request Data",
              "timedOut": false,
              "duration": 6,
              "state": "passed",
              "speed": "fast",
              "pass": true,
              "fail": false,
              "pending": false,
              "context": null,
              "code": "// expect(tv4.validate(this.data, dataSchema)).to.be.true;\nconsole.log(\"request data\", reqBody)\nconsole.log(\"response data\", this.data.reqBody)\nexpect(tv4.validate(this.data.reqBody, reqBody)).to.be.true;\nexpect(tv4.validate(this.data.reqBody.title, reqBody.title)).to.be.true;\nexpect(tv4.validate(this.data.reqBody.body, reqBody.body)).to.be.true;\nexpect(tv4.validate(this.data.reqBody.userId, reqBody.userId)).to.be.true;\n// delay;",
              "err": {},
              "uuid": "9e54f620-12a0-447b-85f9-a9ac9c6513dc",
              "parentUUID": "e715de7e-cade-46eb-950d-6ce2f81f8129",
              "isHook": false,
              "skipped": false
            }
          ],
          "suites": [],
          "passes": [
            "9e54f620-12a0-447b-85f9-a9ac9c6513dc"
          ],
          "failures": [],
          "pending": [],
          "skipped": [],
          "duration": 6,
          "root": false,
          "rootEmpty": false,
          "_timeout": 2000
        }
      ],
      "passes": [],
      "failures": [],
      "pending": [],
      "skipped": [],
      "duration": 0,
      "root": true,
      "rootEmpty": true,
      "_timeout": 2000
    }
  ],
  "meta": {
    "mocha": {
      "version": "9.0.2"
    },
    "mochawesome": {
      "options": {
        "quiet": false,
        "reportFilename": "mochaReport-14-07-2021-07:28:02",
        "saveHtml": true,
        "saveJson": true,
        "consoleReporter": "spec",
        "useInlineDiffs": false,
        "code": true
      },
      "version": "6.2.2"
    },
    "marge": {
      "options": {
        "reportDir": "reports/mochawesome/",
        "reportFilename": "mochaReport-14-07-2021-07:28:02",
        "reportName": "OttoTest",
        "reportTitle": "BL-Test",
        "inlineAssets": "true",
        "charts": "true"
      },
      "version": "5.2.0"
    }
  }
}