{
  "stats": {
    "suites": 2,
    "tests": 3,
    "passes": 3,
    "pending": 0,
    "failures": 0,
    "start": "2021-07-14T00:31:44.967Z",
    "end": "2021-07-14T00:31:46.725Z",
    "duration": 1758,
    "testsRegistered": 3,
    "passPercent": 100,
    "pendingPercent": 0,
    "other": 0,
    "hasOther": false,
    "skipped": 0,
    "hasSkipped": false
  },
  "results": [
    {
      "uuid": "8b25e9ef-c31d-4f71-aad0-5226b757953f",
      "title": "",
      "fullFile": "",
      "file": "",
      "beforeHooks": [],
      "afterHooks": [],
      "tests": [],
      "suites": [
        {
          "uuid": "870a4a2e-af54-41d9-8cd6-82cd72059c00",
          "title": "Get Data Request",
          "fullFile": "/Users/tio/gitlab/bukalapak-assignment/BL-API/api/test/postDataTest.js",
          "file": "/api/test/postDataTest.js",
          "beforeHooks": [
            {
              "title": "\"before all\" hook in \"Get Data Request\"",
              "fullTitle": "Get Data Request \"before all\" hook in \"Get Data Request\"",
              "timedOut": false,
              "duration": 910,
              "state": null,
              "speed": null,
              "pass": false,
              "fail": false,
              "pending": false,
              "context": null,
              "code": "try {\n  const resp = await getData();\n  this.data = await resp.body;\n  this.statusCode = await resp.statusCode;\n  // console.log(\"masuk jugaaa\",this.data);\n} catch (err) {\n  console.error(err);\n}",
              "err": {},
              "uuid": "ee7b0dbd-c51e-4c99-83ed-e4cb996aec7a",
              "parentUUID": "870a4a2e-af54-41d9-8cd6-82cd72059c00",
              "isHook": true,
              "skipped": false
            }
          ],
          "afterHooks": [],
          "tests": [
            {
              "title": "Schema is valid",
              "fullTitle": "Get Data Request Schema is valid",
              "timedOut": false,
              "duration": 5,
              "state": "passed",
              "speed": "fast",
              "pass": true,
              "fail": false,
              "pending": false,
              "context": null,
              "code": "expect(tv4.validate(this.data, dataSchema)).to.be.true;\ndelay;",
              "err": {},
              "uuid": "982b5a25-7d75-47df-b310-94ade3b17694",
              "parentUUID": "870a4a2e-af54-41d9-8cd6-82cd72059c00",
              "isHook": false,
              "skipped": false
            },
            {
              "title": "Status Code 201",
              "fullTitle": "Get Data Request Status Code 201",
              "timedOut": false,
              "duration": 1,
              "state": "passed",
              "speed": "fast",
              "pass": true,
              "fail": false,
              "pending": false,
              "context": null,
              "code": "expect(tv4.validate(this.statusCode, 201)).to.be.true;\ndelay;",
              "err": {},
              "uuid": "1569ac6f-0c5c-4e12-925f-029cbc381363",
              "parentUUID": "870a4a2e-af54-41d9-8cd6-82cd72059c00",
              "isHook": false,
              "skipped": false
            }
          ],
          "suites": [],
          "passes": [
            "982b5a25-7d75-47df-b310-94ade3b17694",
            "1569ac6f-0c5c-4e12-925f-029cbc381363"
          ],
          "failures": [],
          "pending": [],
          "skipped": [],
          "duration": 6,
          "root": false,
          "rootEmpty": false,
          "_timeout": 2000
        },
        {
          "uuid": "330d2b11-e87f-4d71-beab-5a6b5928d8ee",
          "title": "Post Data Request",
          "fullFile": "/Users/tio/gitlab/bukalapak-assignment/BL-API/api/test/postDataTest.js",
          "file": "/api/test/postDataTest.js",
          "beforeHooks": [
            {
              "title": "\"before all\" hook in \"Post Data Request\"",
              "fullTitle": "Post Data Request \"before all\" hook in \"Post Data Request\"",
              "timedOut": false,
              "duration": 824,
              "state": null,
              "speed": null,
              "pass": false,
              "fail": false,
              "pending": false,
              "context": null,
              "code": "try {\n  this.data = await postData();\n  // console.log(\"masuk jugaaa\",this.data);\n} catch (err) {\n  console.error(err);\n}",
              "err": {},
              "uuid": "ad722026-08e5-4e28-9271-e857dd770db2",
              "parentUUID": "330d2b11-e87f-4d71-beab-5a6b5928d8ee",
              "isHook": true,
              "skipped": false
            }
          ],
          "afterHooks": [],
          "tests": [
            {
              "title": "Compare Data with Request Data",
              "fullTitle": "Post Data Request Compare Data with Request Data",
              "timedOut": false,
              "duration": 7,
              "state": "passed",
              "speed": "fast",
              "pass": true,
              "fail": false,
              "pending": false,
              "context": null,
              "code": "// expect(tv4.validate(this.data, dataSchema)).to.be.true;\nconsole.log(\"request data\", reqBody)\nconsole.log(\"response data\", this.data.reqBody)\nexpect(tv4.validate(this.data.reqBody, reqBody)).to.be.true;\nexpect(tv4.validate(this.data.reqBody.title, reqBody.title)).to.be.true;\nexpect(tv4.validate(this.data.reqBody.body, reqBody.body)).to.be.true;\nexpect(tv4.validate(this.data.reqBody.userId, reqBody.userId)).to.be.true;\n// delay;",
              "err": {},
              "uuid": "e221f24d-07e5-461b-998d-2bc765e2670b",
              "parentUUID": "330d2b11-e87f-4d71-beab-5a6b5928d8ee",
              "isHook": false,
              "skipped": false
            }
          ],
          "suites": [],
          "passes": [
            "e221f24d-07e5-461b-998d-2bc765e2670b"
          ],
          "failures": [],
          "pending": [],
          "skipped": [],
          "duration": 7,
          "root": false,
          "rootEmpty": false,
          "_timeout": 2000
        }
      ],
      "passes": [],
      "failures": [],
      "pending": [],
      "skipped": [],
      "duration": 0,
      "root": true,
      "rootEmpty": true,
      "_timeout": 2000
    }
  ],
  "meta": {
    "mocha": {
      "version": "9.0.2"
    },
    "mochawesome": {
      "options": {
        "quiet": false,
        "reportFilename": "mochaReport-14-07-2021-07:31:43",
        "saveHtml": true,
        "saveJson": true,
        "consoleReporter": "spec",
        "useInlineDiffs": false,
        "code": true
      },
      "version": "6.2.2"
    },
    "marge": {
      "options": {
        "reportDir": "reports/mochawesome/",
        "reportFilename": "mochaReport-14-07-2021-07:31:43",
        "reportName": "OttoTest",
        "reportTitle": "BL-Test",
        "inlineAssets": "true",
        "charts": "true"
      },
      "version": "5.2.0"
    }
  }
}